2020-12-31 07:11:11.107 - INFO - 5895 - azureml.train.automl.automlconfig._start_execution:152 - No compute target or run config provided. Running local legacy run.
2020-12-31 07:11:11.107 - INFO - 5895 - azureml.train.automl.automlconfig._start_execution:195 - Submitting local legacy run.
2020-12-31 07:11:11.108 - INFO - 5895 - azureml.automl.core.package_utilities._log_activity:54 - ActivityStarted: PackagesCheck
2020-12-31 07:11:11.124 - INFO - 5895 - azureml.automl.core.package_utilities._has_versionconflict_or_not_installed:278 - Package: azureml-telemetry, Version: 1.19.0 found.
2020-12-31 07:11:11.125 - INFO - 5895 - azureml.automl.core.package_utilities._has_versionconflict_or_not_installed:278 - Package: azureml-core, Version: 1.19.0 found.
2020-12-31 07:11:11.126 - INFO - 5895 - azureml.automl.core.package_utilities._has_versionconflict_or_not_installed:278 - Package: azureml-train-restclients-hyperdrive, Version: 1.19.0 found.
2020-12-31 07:11:11.127 - INFO - 5895 - azureml.automl.core.package_utilities._has_versionconflict_or_not_installed:278 - Package: azureml-telemetry, Version: 1.19.0 found.
2020-12-31 07:11:11.129 - INFO - 5895 - azureml.automl.core.package_utilities._has_versionconflict_or_not_installed:278 - Package: azureml-dataset-runtime, Version: 1.19.0 found.
2020-12-31 07:11:11.165 - INFO - 5895 - azureml.automl.core.package_utilities._has_versionconflict_or_not_installed:278 - Package: dill, Version: 0.3.3 found.
2020-12-31 07:11:11.166 - INFO - 5895 - azureml.automl.core.package_utilities._has_versionconflict_or_not_installed:278 - Package: gensim, Version: 3.8.3 found.
2020-12-31 07:11:11.166 - INFO - 5895 - azureml.automl.core.package_utilities._has_versionconflict_or_not_installed:278 - Package: lightgbm, Version: 2.3.0 found.
2020-12-31 07:11:11.167 - INFO - 5895 - azureml.automl.core.package_utilities._has_versionconflict_or_not_installed:278 - Package: botocore, Version: 1.18.18 found.
2020-12-31 07:11:11.167 - INFO - 5895 - azureml.automl.core.package_utilities._has_versionconflict_or_not_installed:278 - Package: statsmodels, Version: 0.10.2 found.
2020-12-31 07:11:11.177 - INFO - 5895 - azureml.automl.core.package_utilities._has_versionconflict_or_not_installed:278 - Package: smart-open, Version: 1.9.0 found.
2020-12-31 07:11:11.178 - INFO - 5895 - azureml.automl.core.package_utilities._has_versionconflict_or_not_installed:278 - Package: pmdarima, Version: 1.1.1 found.
2020-12-31 07:11:11.178 - INFO - 5895 - azureml.automl.core.package_utilities._has_versionconflict_or_not_installed:278 - Package: py-cpuinfo, Version: 5.0.0 found.
2020-12-31 07:11:11.179 - INFO - 5895 - azureml.automl.core.package_utilities._has_versionconflict_or_not_installed:278 - Package: nimbusml, Version: 1.8.0 found.
2020-12-31 07:11:11.179 - INFO - 5895 - azureml.automl.core.package_utilities._has_versionconflict_or_not_installed:278 - Package: onnxconverter-common, Version: 1.6.0 found.
2020-12-31 07:11:11.180 - INFO - 5895 - azureml.automl.core.package_utilities._has_versionconflict_or_not_installed:278 - Package: onnx, Version: 1.7.0 found.
2020-12-31 07:11:11.190 - INFO - 5895 - azureml.automl.core.package_utilities._has_versionconflict_or_not_installed:278 - Package: onnxmltools, Version: 1.4.1 found.
2020-12-31 07:11:11.190 - INFO - 5895 - azureml.automl.core.package_utilities._has_versionconflict_or_not_installed:278 - Package: onnxruntime, Version: 1.3.0 found.
2020-12-31 07:11:11.191 - INFO - 5895 - azureml.automl.core.package_utilities._has_versionconflict_or_not_installed:278 - Package: pandas, Version: 0.25.3 found.
2020-12-31 07:11:11.191 - INFO - 5895 - azureml.automl.core.package_utilities._has_versionconflict_or_not_installed:278 - Package: sklearn-pandas, Version: 1.7.0 found.
2020-12-31 07:11:11.191 - INFO - 5895 - azureml.automl.core.package_utilities._has_versionconflict_or_not_installed:278 - Package: psutil, Version: 5.7.3 found.
2020-12-31 07:11:11.191 - INFO - 5895 - azureml.automl.core.package_utilities._has_versionconflict_or_not_installed:278 - Package: joblib, Version: 0.14.1 found.
2020-12-31 07:11:11.191 - INFO - 5895 - azureml.automl.core.package_utilities._has_versionconflict_or_not_installed:278 - Package: azureml-dataset-runtime, Version: 1.19.0 found.
2020-12-31 07:11:11.192 - INFO - 5895 - azureml.automl.core.package_utilities._has_versionconflict_or_not_installed:278 - Package: boto3, Version: 1.15.18 found.
2020-12-31 07:11:11.192 - INFO - 5895 - azureml.automl.core.package_utilities._has_versionconflict_or_not_installed:278 - Package: keras2onnx, Version: 1.6.0 found.
2020-12-31 07:11:11.192 - INFO - 5895 - azureml.automl.core.package_utilities._has_versionconflict_or_not_installed:278 - Package: skl2onnx, Version: 1.4.9 found.
2020-12-31 07:11:11.192 - INFO - 5895 - azureml.automl.core.package_utilities._has_versionconflict_or_not_installed:278 - Package: numpy, Version: 1.18.5 found.
2020-12-31 07:11:11.192 - INFO - 5895 - azureml.automl.core.package_utilities._has_versionconflict_or_not_installed:278 - Package: scipy, Version: 1.5.2 found.
2020-12-31 07:11:11.192 - INFO - 5895 - azureml.automl.core.package_utilities._has_versionconflict_or_not_installed:278 - Package: scikit-learn, Version: 0.22.2.post1 found.
2020-12-31 07:11:11.193 - INFO - 5895 - azureml.automl.core.package_utilities._has_versionconflict_or_not_installed:278 - Package: azureml-automl-core, Version: 1.19.0 found.
2020-12-31 07:11:11.210 - INFO - 5895 - azureml.automl.core.package_utilities._has_versionconflict_or_not_installed:278 - Package: azureml-dataset-runtime, Version: 1.19.0 found.
2020-12-31 07:11:11.210 - INFO - 5895 - azureml.automl.core.package_utilities._has_versionconflict_or_not_installed:278 - Package: applicationinsights, Version: 0.11.9 found.
2020-12-31 07:11:11.210 - INFO - 5895 - azureml.automl.core.package_utilities._has_versionconflict_or_not_installed:278 - Package: gunicorn, Version: 19.9.0 found.
2020-12-31 07:11:11.210 - INFO - 5895 - azureml.automl.core.package_utilities._has_versionconflict_or_not_installed:278 - Package: configparser, Version: 3.7.4 found.
2020-12-31 07:11:11.210 - INFO - 5895 - azureml.automl.core.package_utilities._has_versionconflict_or_not_installed:278 - Package: flask, Version: 1.0.3 found.
2020-12-31 07:11:11.210 - INFO - 5895 - azureml.automl.core.package_utilities._has_versionconflict_or_not_installed:278 - Package: werkzeug, Version: 1.0.1 found.
2020-12-31 07:11:11.211 - INFO - 5895 - azureml.automl.core.package_utilities._has_versionconflict_or_not_installed:278 - Package: json-logging-py, Version: 0.2 found.
2020-12-31 07:11:11.211 - INFO - 5895 - azureml.automl.core.package_utilities._has_versionconflict_or_not_installed:278 - Package: azureml-model-management-sdk, Version: 1.0.1b6.post1 found.
2020-12-31 07:11:11.211 - INFO - 5895 - azureml.automl.core.package_utilities._has_versionconflict_or_not_installed:278 - Package: azureml-core, Version: 1.19.0 found.
2020-12-31 07:11:11.244 - INFO - 5895 - azureml.automl.core.package_utilities._has_versionconflict_or_not_installed:278 - Package: dotnetcore2, Version: 2.1.19 found.
2020-12-31 07:11:11.244 - INFO - 5895 - azureml.automl.core.package_utilities._has_versionconflict_or_not_installed:278 - Package: azureml-dataprep-native, Version: 26.0.0 found.
2020-12-31 07:11:11.245 - INFO - 5895 - azureml.automl.core.package_utilities._has_versionconflict_or_not_installed:278 - Package: azureml-dataprep-rslex, Version: 1.4.0 found.
2020-12-31 07:11:11.245 - INFO - 5895 - azureml.automl.core.package_utilities._has_versionconflict_or_not_installed:278 - Package: cloudpickle, Version: 1.6.0 found.
2020-12-31 07:11:11.245 - INFO - 5895 - azureml.automl.core.package_utilities._has_versionconflict_or_not_installed:278 - Package: azure-identity, Version: 1.4.1 found.
2020-12-31 07:11:11.245 - INFO - 5895 - azureml.automl.core.package_utilities._has_versionconflict_or_not_installed:278 - Package: azure-mgmt-authorization, Version: 0.61.0 found.
2020-12-31 07:11:11.245 - INFO - 5895 - azureml.automl.core.package_utilities._has_versionconflict_or_not_installed:278 - Package: azure-common, Version: 1.1.26 found.
2020-12-31 07:11:11.245 - INFO - 5895 - azureml.automl.core.package_utilities._has_versionconflict_or_not_installed:278 - Package: python-dateutil, Version: 2.8.1 found.
2020-12-31 07:11:11.245 - INFO - 5895 - azureml.automl.core.package_utilities._has_versionconflict_or_not_installed:278 - Package: urllib3, Version: 1.25.11 found.
2020-12-31 07:11:11.246 - INFO - 5895 - azureml.automl.core.package_utilities._has_versionconflict_or_not_installed:278 - Package: pytz, Version: 2020.4 found.
2020-12-31 07:11:11.254 - INFO - 5895 - azureml.automl.core.package_utilities._has_versionconflict_or_not_installed:278 - Package: ruamel.yaml, Version: 0.16.12 found.
2020-12-31 07:11:11.254 - INFO - 5895 - azureml.automl.core.package_utilities._has_versionconflict_or_not_installed:278 - Package: backports.tempfile, Version: 1.0 found.
2020-12-31 07:11:11.254 - INFO - 5895 - azureml.automl.core.package_utilities._has_versionconflict_or_not_installed:278 - Package: azure-mgmt-keyvault, Version: 2.2.0 found.
2020-12-31 07:11:11.254 - INFO - 5895 - azureml.automl.core.package_utilities._has_versionconflict_or_not_installed:278 - Package: requests, Version: 2.25.0 found.
2020-12-31 07:11:11.255 - INFO - 5895 - azureml.automl.core.package_utilities._has_versionconflict_or_not_installed:278 - Package: msrestazure, Version: 0.6.4 found.
2020-12-31 07:11:11.255 - INFO - 5895 - azureml.automl.core.package_utilities._has_versionconflict_or_not_installed:278 - Package: msrest, Version: 0.6.19 found.
2020-12-31 07:11:11.255 - INFO - 5895 - azureml.automl.core.package_utilities._has_versionconflict_or_not_installed:278 - Package: pyjwt, Version: 1.7.1 found.
2020-12-31 07:11:11.255 - INFO - 5895 - azureml.automl.core.package_utilities._has_versionconflict_or_not_installed:278 - Package: cryptography, Version: 3.2.1 found.
2020-12-31 07:11:11.255 - INFO - 5895 - azureml.automl.core.package_utilities._has_versionconflict_or_not_installed:278 - Package: azure-graphrbac, Version: 0.61.1 found.
2020-12-31 07:11:11.255 - INFO - 5895 - azureml.automl.core.package_utilities._has_versionconflict_or_not_installed:278 - Package: contextlib2, Version: 0.6.0.post1 found.
2020-12-31 07:11:11.256 - INFO - 5895 - azureml.automl.core.package_utilities._has_versionconflict_or_not_installed:278 - Package: azure-mgmt-storage, Version: 11.2.0 found.
2020-12-31 07:11:11.256 - INFO - 5895 - azureml.automl.core.package_utilities._has_versionconflict_or_not_installed:278 - Package: adal, Version: 1.2.5 found.
2020-12-31 07:11:11.256 - INFO - 5895 - azureml.automl.core.package_utilities._has_versionconflict_or_not_installed:278 - Package: azure-mgmt-resource, Version: 10.3.0 found.
2020-12-31 07:11:11.256 - INFO - 5895 - azureml.automl.core.package_utilities._has_versionconflict_or_not_installed:278 - Package: secretstorage, Version: 3.3.0 found.
2020-12-31 07:11:11.256 - INFO - 5895 - azureml.automl.core.package_utilities._has_versionconflict_or_not_installed:278 - Package: jsonpickle, Version: 1.4.2 found.
2020-12-31 07:11:11.256 - INFO - 5895 - azureml.automl.core.package_utilities._has_versionconflict_or_not_installed:278 - Package: jmespath, Version: 0.10.0 found.
2020-12-31 07:11:11.256 - INFO - 5895 - azureml.automl.core.package_utilities._has_versionconflict_or_not_installed:278 - Package: azure-mgmt-containerregistry, Version: 2.8.0 found.
2020-12-31 07:11:11.257 - INFO - 5895 - azureml.automl.core.package_utilities._has_versionconflict_or_not_installed:278 - Package: ndg-httpsclient, Version: 0.5.1 found.
2020-12-31 07:11:11.257 - INFO - 5895 - azureml.automl.core.package_utilities._has_versionconflict_or_not_installed:278 - Package: docker, Version: 4.4.0 found.
2020-12-31 07:11:11.257 - INFO - 5895 - azureml.automl.core.package_utilities._has_versionconflict_or_not_installed:278 - Package: pathspec, Version: 0.8.1 found.
2020-12-31 07:11:11.257 - WARNING - 5895 - azureml.automl.core.package_utilities._has_versionconflict_or_not_installed:284 - Package: pyopenssl, Version: 20.0.0 found.
2020-12-31 07:11:11.302 - INFO - 5895 - azureml.automl.core.package_utilities._has_versionconflict_or_not_installed:278 - Package: gensim, Version: 3.8.3 found.
2020-12-31 07:11:11.302 - INFO - 5895 - azureml.automl.core.package_utilities._has_versionconflict_or_not_installed:278 - Package: lightgbm, Version: 2.3.0 found.
2020-12-31 07:11:11.302 - INFO - 5895 - azureml.automl.core.package_utilities._has_versionconflict_or_not_installed:278 - Package: botocore, Version: 1.18.18 found.
2020-12-31 07:11:11.302 - INFO - 5895 - azureml.automl.core.package_utilities._has_versionconflict_or_not_installed:278 - Package: statsmodels, Version: 0.10.2 found.
2020-12-31 07:11:11.302 - INFO - 5895 - azureml.automl.core.package_utilities._has_versionconflict_or_not_installed:278 - Package: smart-open, Version: 1.9.0 found.
2020-12-31 07:11:11.302 - INFO - 5895 - azureml.automl.core.package_utilities._has_versionconflict_or_not_installed:278 - Package: jinja2, Version: 2.11.2 found.
2020-12-31 07:11:11.303 - INFO - 5895 - azureml.automl.core.package_utilities._has_versionconflict_or_not_installed:278 - Package: azureml-interpret, Version: 1.19.0 found.
2020-12-31 07:11:11.303 - INFO - 5895 - azureml.automl.core.package_utilities._has_versionconflict_or_not_installed:278 - Package: azureml-train-automl-client, Version: 1.19.0 found.
2020-12-31 07:11:11.303 - INFO - 5895 - azureml.automl.core.package_utilities._has_versionconflict_or_not_installed:278 - Package: onnxconverter-common, Version: 1.6.0 found.
2020-12-31 07:11:11.303 - INFO - 5895 - azureml.automl.core.package_utilities._has_versionconflict_or_not_installed:278 - Package: onnx, Version: 1.7.0 found.
2020-12-31 07:11:11.303 - INFO - 5895 - azureml.automl.core.package_utilities._has_versionconflict_or_not_installed:278 - Package: onnxmltools, Version: 1.4.1 found.
2020-12-31 07:11:11.303 - INFO - 5895 - azureml.automl.core.package_utilities._has_versionconflict_or_not_installed:278 - Package: onnxruntime, Version: 1.3.0 found.
2020-12-31 07:11:11.304 - INFO - 5895 - azureml.automl.core.package_utilities._has_versionconflict_or_not_installed:278 - Package: pandas, Version: 0.25.3 found.
2020-12-31 07:11:11.304 - INFO - 5895 - azureml.automl.core.package_utilities._has_versionconflict_or_not_installed:278 - Package: sklearn-pandas, Version: 1.7.0 found.
2020-12-31 07:11:11.304 - INFO - 5895 - azureml.automl.core.package_utilities._has_versionconflict_or_not_installed:278 - Package: azureml-automl-runtime, Version: 1.19.0 found.
2020-12-31 07:11:11.304 - INFO - 5895 - azureml.automl.core.package_utilities._has_versionconflict_or_not_installed:278 - Package: azureml-core, Version: 1.19.0 found.
2020-12-31 07:11:11.304 - INFO - 5895 - azureml.automl.core.package_utilities._has_versionconflict_or_not_installed:278 - Package: boto3, Version: 1.15.18 found.
2020-12-31 07:11:11.304 - INFO - 5895 - azureml.automl.core.package_utilities._has_versionconflict_or_not_installed:278 - Package: azureml-defaults, Version: 1.19.0 found.
2020-12-31 07:11:11.304 - INFO - 5895 - azureml.automl.core.package_utilities._has_versionconflict_or_not_installed:278 - Package: azureml-telemetry, Version: 1.19.0 found.
2020-12-31 07:11:11.304 - INFO - 5895 - azureml.automl.core.package_utilities._has_versionconflict_or_not_installed:278 - Package: azureml-dataset-runtime, Version: 1.19.0 found.
2020-12-31 07:11:11.305 - INFO - 5895 - azureml.automl.core.package_utilities._has_versionconflict_or_not_installed:278 - Package: keras2onnx, Version: 1.6.0 found.
2020-12-31 07:11:11.305 - INFO - 5895 - azureml.automl.core.package_utilities._has_versionconflict_or_not_installed:278 - Package: skl2onnx, Version: 1.4.9 found.
2020-12-31 07:11:11.305 - INFO - 5895 - azureml.automl.core.package_utilities._has_versionconflict_or_not_installed:278 - Package: numpy, Version: 1.18.5 found.
2020-12-31 07:11:11.305 - INFO - 5895 - azureml.automl.core.package_utilities._has_versionconflict_or_not_installed:278 - Package: azure-storage-queue, Version: 12.1.4 found.
2020-12-31 07:11:11.305 - INFO - 5895 - azureml.automl.core.package_utilities._has_versionconflict_or_not_installed:278 - Package: scipy, Version: 1.5.2 found.
2020-12-31 07:11:11.305 - INFO - 5895 - azureml.automl.core.package_utilities._has_versionconflict_or_not_installed:278 - Package: scikit-learn, Version: 0.22.2.post1 found.
2020-12-31 07:11:11.305 - INFO - 5895 - azureml.automl.core.package_utilities._has_versionconflict_or_not_installed:278 - Package: azureml-automl-core, Version: 1.19.0 found.
2020-12-31 07:11:11.313 - INFO - 5895 - azureml.automl.core.package_utilities._has_versionconflict_or_not_installed:278 - Package: interpret-community, Version: 0.15.4 found.
2020-12-31 07:11:11.315 - INFO - 5895 - azureml.automl.core.package_utilities._has_versionconflict_or_not_installed:278 - Package: azureml-pipeline-core, Version: 1.19.0 found.
2020-12-31 07:11:11.316 - INFO - 5895 - azureml.automl.core.package_utilities._has_versionconflict_or_not_installed:278 - Package: azureml-train-core, Version: 1.19.0 found.
2020-12-31 07:11:11.316 - INFO - 5895 - azureml.automl.core.package_utilities._has_versionconflict_or_not_installed:278 - Package: azureml-train-automl-client, Version: 1.19.0 found.
2020-12-31 07:11:11.316 - INFO - 5895 - azureml.automl.core.package_utilities._has_versionconflict_or_not_installed:278 - Package: azureml-core, Version: 1.19.0 found.
2020-12-31 07:11:11.316 - INFO - 5895 - azureml.automl.core.package_utilities._has_versionconflict_or_not_installed:278 - Package: msrest, Version: 0.6.19 found.
2020-12-31 07:11:11.316 - INFO - 5895 - azureml.automl.core.package_utilities._has_versionconflict_or_not_installed:278 - Package: requests, Version: 2.25.0 found.
2020-12-31 07:11:11.316 - INFO - 5895 - azureml.automl.core.package_utilities._has_versionconflict_or_not_installed:278 - Package: msrestazure, Version: 0.6.4 found.
2020-12-31 07:11:11.316 - INFO - 5895 - azureml.automl.core.package_utilities._has_versionconflict_or_not_installed:278 - Package: applicationinsights, Version: 0.11.9 found.
2020-12-31 07:11:11.316 - INFO - 5895 - azureml.automl.core.package_utilities._has_versionconflict_or_not_installed:278 - Package: azureml-core, Version: 1.19.0 found.
2020-12-31 07:11:11.325 - INFO - 5895 - azureml.automl.core.package_utilities._has_versionconflict_or_not_installed:278 - Package: azureml-telemetry, Version: 1.19.0 found.
2020-12-31 07:11:11.325 - INFO - 5895 - azureml.automl.core.package_utilities._has_versionconflict_or_not_installed:278 - Package: ipywidgets, Version: 7.5.1 found.
2020-12-31 07:11:11.325 - INFO - 5895 - azureml.automl.core.package_utilities._has_versionconflict_or_not_installed:278 - Package: azureml-core, Version: 1.19.0 found.
2020-12-31 07:11:11.325 - INFO - 5895 - azureml.automl.core.package_utilities._has_versionconflict_or_not_installed:278 - Package: azureml-telemetry, Version: 1.19.0 found.
2020-12-31 07:11:11.326 - INFO - 5895 - azureml.automl.core.package_utilities._has_versionconflict_or_not_installed:278 - Package: azureml-dataset-runtime, Version: 1.19.0 found.
2020-12-31 07:11:11.326 - INFO - 5895 - azureml.automl.core.package_utilities._has_versionconflict_or_not_installed:278 - Package: azureml-core, Version: 1.19.0 found.
2020-12-31 07:11:11.326 - INFO - 5895 - azureml.automl.core.package_utilities._has_versionconflict_or_not_installed:278 - Package: azureml-automl-core, Version: 1.19.0 found.
2020-12-31 07:11:11.333 - CRITICAL - 5895 - azureml.automl.core.package_utilities.log_traceback:224 - Type: IncompatibleOrMissingDependency
Class: ValidationException
Message: ValidationException:
	Message: Install the required versions of packages using the requirements file. Requirements file location: /anaconda/envs/azureml_py36/lib/python3.6/site-packages/azureml/automl/core/validated_linux_requirements.txt. Alternatively, use remote target to avoid dependency management. 
Package name/Required version/Installed version
azureml-core/pyopenssl<20.0.0/pyOpenSSL 20.0.0
	InnerException: None
	ErrorResponse 
{
    "error": {
        "code": "UserError",
        "message": "Install the required versions of packages using the requirements file. Requirements file location: /anaconda/envs/azureml_py36/lib/python3.6/site-packages/azureml/automl/core/validated_linux_requirements.txt. Alternatively, use remote target to avoid dependency management. \nPackage name/Required version/Installed version\nazureml-core/pyopenssl<20.0.0/pyOpenSSL 20.0.0",
        "target": "azureml-core",
        "inner_error": {
            "code": "NotSupported",
            "inner_error": {
                "code": "IncompatibleOrMissingDependency"
            }
        },
        "reference_code": "435ab938-fd87-49bc-932e-6eec0d6aee4f"
    }
}
Traceback:
  File "telemetry_activity_logger.py", line 57, in _log_activity
    yield
  File "package_utilities.py", line 430, in _get_package_incompatibilities
    validated_requirements_file_path=VALIDATED_REQ_FILE_PATH

ExceptionTarget: azureml-core
2020-12-31 07:11:11.333 - INFO - 5895 - azureml.automl.core.package_utilities._log_activity:92 - ActivityCompleted: Activity=PackagesCheck, HowEnded=Failure, Duration=225.17[ms]
2020-12-31 07:13:55.174 - INFO - 5895 - azureml.train.automl.automlconfig._start_execution:158 - Local run configuration provided with docker set to False. Running local managed run.
2020-12-31 07:13:55.174 - INFO - 5895 - azureml.train.automl.automlconfig._start_execution:195 - Submitting local legacy run.
2020-12-31 07:13:55.190 - INFO - 5895 - azureml.automl.core.package_utilities._log_activity:54 - ActivityStarted: PackagesCheck
2020-12-31 07:13:55.190 - INFO - 5895 - azureml.automl.core.package_utilities._has_versionconflict_or_not_installed:278 - Package: azureml-telemetry, Version: 1.19.0 found.
2020-12-31 07:13:55.190 - INFO - 5895 - azureml.automl.core.package_utilities._has_versionconflict_or_not_installed:278 - Package: azureml-core, Version: 1.19.0 found.
2020-12-31 07:13:55.191 - INFO - 5895 - azureml.automl.core.package_utilities._has_versionconflict_or_not_installed:278 - Package: azureml-train-restclients-hyperdrive, Version: 1.19.0 found.
2020-12-31 07:13:55.191 - INFO - 5895 - azureml.automl.core.package_utilities._has_versionconflict_or_not_installed:278 - Package: azureml-telemetry, Version: 1.19.0 found.
2020-12-31 07:13:55.191 - INFO - 5895 - azureml.automl.core.package_utilities._has_versionconflict_or_not_installed:278 - Package: azureml-dataset-runtime, Version: 1.19.0 found.
2020-12-31 07:13:55.191 - INFO - 5895 - azureml.automl.core.package_utilities._has_versionconflict_or_not_installed:278 - Package: dill, Version: 0.3.3 found.
2020-12-31 07:13:55.191 - INFO - 5895 - azureml.automl.core.package_utilities._has_versionconflict_or_not_installed:278 - Package: gensim, Version: 3.8.3 found.
2020-12-31 07:13:55.191 - INFO - 5895 - azureml.automl.core.package_utilities._has_versionconflict_or_not_installed:278 - Package: lightgbm, Version: 2.3.0 found.
2020-12-31 07:13:55.192 - INFO - 5895 - azureml.automl.core.package_utilities._has_versionconflict_or_not_installed:278 - Package: botocore, Version: 1.18.18 found.
2020-12-31 07:13:55.192 - INFO - 5895 - azureml.automl.core.package_utilities._has_versionconflict_or_not_installed:278 - Package: statsmodels, Version: 0.10.2 found.
2020-12-31 07:13:55.192 - INFO - 5895 - azureml.automl.core.package_utilities._has_versionconflict_or_not_installed:278 - Package: smart-open, Version: 1.9.0 found.
2020-12-31 07:13:55.193 - INFO - 5895 - azureml.automl.core.package_utilities._has_versionconflict_or_not_installed:278 - Package: pmdarima, Version: 1.1.1 found.
2020-12-31 07:13:55.193 - INFO - 5895 - azureml.automl.core.package_utilities._has_versionconflict_or_not_installed:278 - Package: py-cpuinfo, Version: 5.0.0 found.
2020-12-31 07:13:55.193 - INFO - 5895 - azureml.automl.core.package_utilities._has_versionconflict_or_not_installed:278 - Package: nimbusml, Version: 1.8.0 found.
2020-12-31 07:13:55.193 - INFO - 5895 - azureml.automl.core.package_utilities._has_versionconflict_or_not_installed:278 - Package: onnxconverter-common, Version: 1.6.0 found.
2020-12-31 07:13:55.193 - INFO - 5895 - azureml.automl.core.package_utilities._has_versionconflict_or_not_installed:278 - Package: onnx, Version: 1.7.0 found.
2020-12-31 07:13:55.193 - INFO - 5895 - azureml.automl.core.package_utilities._has_versionconflict_or_not_installed:278 - Package: onnxmltools, Version: 1.4.1 found.
2020-12-31 07:13:55.193 - INFO - 5895 - azureml.automl.core.package_utilities._has_versionconflict_or_not_installed:278 - Package: onnxruntime, Version: 1.3.0 found.
2020-12-31 07:13:55.194 - INFO - 5895 - azureml.automl.core.package_utilities._has_versionconflict_or_not_installed:278 - Package: pandas, Version: 0.25.3 found.
2020-12-31 07:13:55.202 - INFO - 5895 - azureml.automl.core.package_utilities._has_versionconflict_or_not_installed:278 - Package: sklearn-pandas, Version: 1.7.0 found.
2020-12-31 07:13:55.208 - INFO - 5895 - azureml.automl.core.package_utilities._has_versionconflict_or_not_installed:278 - Package: psutil, Version: 5.7.3 found.
2020-12-31 07:13:55.208 - INFO - 5895 - azureml.automl.core.package_utilities._has_versionconflict_or_not_installed:278 - Package: joblib, Version: 0.14.1 found.
2020-12-31 07:13:55.208 - INFO - 5895 - azureml.automl.core.package_utilities._has_versionconflict_or_not_installed:278 - Package: azureml-dataset-runtime, Version: 1.19.0 found.
2020-12-31 07:13:55.209 - INFO - 5895 - azureml.automl.core.package_utilities._has_versionconflict_or_not_installed:278 - Package: boto3, Version: 1.15.18 found.
2020-12-31 07:13:55.209 - INFO - 5895 - azureml.automl.core.package_utilities._has_versionconflict_or_not_installed:278 - Package: keras2onnx, Version: 1.6.0 found.
2020-12-31 07:13:55.210 - INFO - 5895 - azureml.automl.core.package_utilities._has_versionconflict_or_not_installed:278 - Package: skl2onnx, Version: 1.4.9 found.
2020-12-31 07:13:55.210 - INFO - 5895 - azureml.automl.core.package_utilities._has_versionconflict_or_not_installed:278 - Package: numpy, Version: 1.18.5 found.
2020-12-31 07:13:55.218 - INFO - 5895 - azureml.automl.core.package_utilities._has_versionconflict_or_not_installed:278 - Package: scipy, Version: 1.5.2 found.
2020-12-31 07:13:55.218 - INFO - 5895 - azureml.automl.core.package_utilities._has_versionconflict_or_not_installed:278 - Package: scikit-learn, Version: 0.22.2.post1 found.
2020-12-31 07:13:55.218 - INFO - 5895 - azureml.automl.core.package_utilities._has_versionconflict_or_not_installed:278 - Package: azureml-automl-core, Version: 1.19.0 found.
2020-12-31 07:13:55.218 - INFO - 5895 - azureml.automl.core.package_utilities._has_versionconflict_or_not_installed:278 - Package: azureml-dataset-runtime, Version: 1.19.0 found.
2020-12-31 07:13:55.219 - INFO - 5895 - azureml.automl.core.package_utilities._has_versionconflict_or_not_installed:278 - Package: applicationinsights, Version: 0.11.9 found.
2020-12-31 07:13:55.219 - INFO - 5895 - azureml.automl.core.package_utilities._has_versionconflict_or_not_installed:278 - Package: gunicorn, Version: 19.9.0 found.
2020-12-31 07:13:55.219 - INFO - 5895 - azureml.automl.core.package_utilities._has_versionconflict_or_not_installed:278 - Package: configparser, Version: 3.7.4 found.
2020-12-31 07:13:55.219 - INFO - 5895 - azureml.automl.core.package_utilities._has_versionconflict_or_not_installed:278 - Package: flask, Version: 1.0.3 found.
2020-12-31 07:13:55.219 - INFO - 5895 - azureml.automl.core.package_utilities._has_versionconflict_or_not_installed:278 - Package: werkzeug, Version: 1.0.1 found.
2020-12-31 07:13:55.219 - INFO - 5895 - azureml.automl.core.package_utilities._has_versionconflict_or_not_installed:278 - Package: json-logging-py, Version: 0.2 found.
2020-12-31 07:13:55.219 - INFO - 5895 - azureml.automl.core.package_utilities._has_versionconflict_or_not_installed:278 - Package: azureml-model-management-sdk, Version: 1.0.1b6.post1 found.
2020-12-31 07:13:55.220 - INFO - 5895 - azureml.automl.core.package_utilities._has_versionconflict_or_not_installed:278 - Package: azureml-core, Version: 1.19.0 found.
2020-12-31 07:13:55.222 - INFO - 5895 - azureml.automl.core.package_utilities._has_versionconflict_or_not_installed:278 - Package: dotnetcore2, Version: 2.1.19 found.
2020-12-31 07:13:55.222 - INFO - 5895 - azureml.automl.core.package_utilities._has_versionconflict_or_not_installed:278 - Package: azureml-dataprep-native, Version: 26.0.0 found.
2020-12-31 07:13:55.222 - INFO - 5895 - azureml.automl.core.package_utilities._has_versionconflict_or_not_installed:278 - Package: azureml-dataprep-rslex, Version: 1.4.0 found.
2020-12-31 07:13:55.222 - INFO - 5895 - azureml.automl.core.package_utilities._has_versionconflict_or_not_installed:278 - Package: cloudpickle, Version: 1.6.0 found.
2020-12-31 07:13:55.223 - INFO - 5895 - azureml.automl.core.package_utilities._has_versionconflict_or_not_installed:278 - Package: azure-identity, Version: 1.4.1 found.
2020-12-31 07:13:55.223 - INFO - 5895 - azureml.automl.core.package_utilities._has_versionconflict_or_not_installed:278 - Package: azure-mgmt-authorization, Version: 0.61.0 found.
2020-12-31 07:13:55.223 - INFO - 5895 - azureml.automl.core.package_utilities._has_versionconflict_or_not_installed:278 - Package: azure-common, Version: 1.1.26 found.
2020-12-31 07:13:55.223 - INFO - 5895 - azureml.automl.core.package_utilities._has_versionconflict_or_not_installed:278 - Package: python-dateutil, Version: 2.8.1 found.
2020-12-31 07:13:55.223 - INFO - 5895 - azureml.automl.core.package_utilities._has_versionconflict_or_not_installed:278 - Package: urllib3, Version: 1.25.11 found.
2020-12-31 07:13:55.223 - INFO - 5895 - azureml.automl.core.package_utilities._has_versionconflict_or_not_installed:278 - Package: pytz, Version: 2020.4 found.
2020-12-31 07:13:55.223 - INFO - 5895 - azureml.automl.core.package_utilities._has_versionconflict_or_not_installed:278 - Package: ruamel.yaml, Version: 0.16.12 found.
2020-12-31 07:13:55.223 - INFO - 5895 - azureml.automl.core.package_utilities._has_versionconflict_or_not_installed:278 - Package: backports.tempfile, Version: 1.0 found.
2020-12-31 07:13:55.223 - INFO - 5895 - azureml.automl.core.package_utilities._has_versionconflict_or_not_installed:278 - Package: azure-mgmt-keyvault, Version: 2.2.0 found.
2020-12-31 07:13:55.224 - INFO - 5895 - azureml.automl.core.package_utilities._has_versionconflict_or_not_installed:278 - Package: requests, Version: 2.25.0 found.
2020-12-31 07:13:55.224 - INFO - 5895 - azureml.automl.core.package_utilities._has_versionconflict_or_not_installed:278 - Package: msrestazure, Version: 0.6.4 found.
2020-12-31 07:13:55.224 - INFO - 5895 - azureml.automl.core.package_utilities._has_versionconflict_or_not_installed:278 - Package: msrest, Version: 0.6.19 found.
2020-12-31 07:13:55.224 - INFO - 5895 - azureml.automl.core.package_utilities._has_versionconflict_or_not_installed:278 - Package: pyjwt, Version: 1.7.1 found.
2020-12-31 07:13:55.224 - INFO - 5895 - azureml.automl.core.package_utilities._has_versionconflict_or_not_installed:278 - Package: cryptography, Version: 3.2.1 found.
2020-12-31 07:13:55.224 - INFO - 5895 - azureml.automl.core.package_utilities._has_versionconflict_or_not_installed:278 - Package: azure-graphrbac, Version: 0.61.1 found.
2020-12-31 07:13:55.224 - INFO - 5895 - azureml.automl.core.package_utilities._has_versionconflict_or_not_installed:278 - Package: contextlib2, Version: 0.6.0.post1 found.
2020-12-31 07:13:55.225 - INFO - 5895 - azureml.automl.core.package_utilities._has_versionconflict_or_not_installed:278 - Package: azure-mgmt-storage, Version: 11.2.0 found.
2020-12-31 07:13:55.225 - INFO - 5895 - azureml.automl.core.package_utilities._has_versionconflict_or_not_installed:278 - Package: adal, Version: 1.2.5 found.
2020-12-31 07:13:55.225 - INFO - 5895 - azureml.automl.core.package_utilities._has_versionconflict_or_not_installed:278 - Package: azure-mgmt-resource, Version: 10.3.0 found.
2020-12-31 07:13:55.225 - INFO - 5895 - azureml.automl.core.package_utilities._has_versionconflict_or_not_installed:278 - Package: secretstorage, Version: 3.3.0 found.
2020-12-31 07:13:55.225 - INFO - 5895 - azureml.automl.core.package_utilities._has_versionconflict_or_not_installed:278 - Package: jsonpickle, Version: 1.4.2 found.
2020-12-31 07:13:55.225 - INFO - 5895 - azureml.automl.core.package_utilities._has_versionconflict_or_not_installed:278 - Package: jmespath, Version: 0.10.0 found.
2020-12-31 07:13:55.225 - INFO - 5895 - azureml.automl.core.package_utilities._has_versionconflict_or_not_installed:278 - Package: azure-mgmt-containerregistry, Version: 2.8.0 found.
2020-12-31 07:13:55.225 - INFO - 5895 - azureml.automl.core.package_utilities._has_versionconflict_or_not_installed:278 - Package: ndg-httpsclient, Version: 0.5.1 found.
2020-12-31 07:13:55.225 - INFO - 5895 - azureml.automl.core.package_utilities._has_versionconflict_or_not_installed:278 - Package: docker, Version: 4.4.0 found.
2020-12-31 07:13:55.226 - INFO - 5895 - azureml.automl.core.package_utilities._has_versionconflict_or_not_installed:278 - Package: pathspec, Version: 0.8.1 found.
2020-12-31 07:13:55.226 - WARNING - 5895 - azureml.automl.core.package_utilities._has_versionconflict_or_not_installed:284 - Package: pyopenssl, Version: 20.0.0 found.
2020-12-31 07:13:55.238 - INFO - 5895 - azureml.automl.core.package_utilities._has_versionconflict_or_not_installed:278 - Package: gensim, Version: 3.8.3 found.
2020-12-31 07:13:55.238 - INFO - 5895 - azureml.automl.core.package_utilities._has_versionconflict_or_not_installed:278 - Package: lightgbm, Version: 2.3.0 found.
2020-12-31 07:13:55.238 - INFO - 5895 - azureml.automl.core.package_utilities._has_versionconflict_or_not_installed:278 - Package: botocore, Version: 1.18.18 found.
2020-12-31 07:13:55.238 - INFO - 5895 - azureml.automl.core.package_utilities._has_versionconflict_or_not_installed:278 - Package: statsmodels, Version: 0.10.2 found.
2020-12-31 07:13:55.239 - INFO - 5895 - azureml.automl.core.package_utilities._has_versionconflict_or_not_installed:278 - Package: smart-open, Version: 1.9.0 found.
2020-12-31 07:13:55.239 - INFO - 5895 - azureml.automl.core.package_utilities._has_versionconflict_or_not_installed:278 - Package: jinja2, Version: 2.11.2 found.
2020-12-31 07:13:55.239 - INFO - 5895 - azureml.automl.core.package_utilities._has_versionconflict_or_not_installed:278 - Package: azureml-interpret, Version: 1.19.0 found.
2020-12-31 07:13:55.239 - INFO - 5895 - azureml.automl.core.package_utilities._has_versionconflict_or_not_installed:278 - Package: azureml-train-automl-client, Version: 1.19.0 found.
2020-12-31 07:13:55.239 - INFO - 5895 - azureml.automl.core.package_utilities._has_versionconflict_or_not_installed:278 - Package: onnxconverter-common, Version: 1.6.0 found.
2020-12-31 07:13:55.239 - INFO - 5895 - azureml.automl.core.package_utilities._has_versionconflict_or_not_installed:278 - Package: onnx, Version: 1.7.0 found.
2020-12-31 07:13:55.239 - INFO - 5895 - azureml.automl.core.package_utilities._has_versionconflict_or_not_installed:278 - Package: onnxmltools, Version: 1.4.1 found.
2020-12-31 07:13:55.240 - INFO - 5895 - azureml.automl.core.package_utilities._has_versionconflict_or_not_installed:278 - Package: onnxruntime, Version: 1.3.0 found.
2020-12-31 07:13:55.240 - INFO - 5895 - azureml.automl.core.package_utilities._has_versionconflict_or_not_installed:278 - Package: pandas, Version: 0.25.3 found.
2020-12-31 07:13:55.240 - INFO - 5895 - azureml.automl.core.package_utilities._has_versionconflict_or_not_installed:278 - Package: sklearn-pandas, Version: 1.7.0 found.
2020-12-31 07:13:55.240 - INFO - 5895 - azureml.automl.core.package_utilities._has_versionconflict_or_not_installed:278 - Package: azureml-automl-runtime, Version: 1.19.0 found.
2020-12-31 07:13:55.240 - INFO - 5895 - azureml.automl.core.package_utilities._has_versionconflict_or_not_installed:278 - Package: azureml-core, Version: 1.19.0 found.
2020-12-31 07:13:55.240 - INFO - 5895 - azureml.automl.core.package_utilities._has_versionconflict_or_not_installed:278 - Package: boto3, Version: 1.15.18 found.
2020-12-31 07:13:55.241 - INFO - 5895 - azureml.automl.core.package_utilities._has_versionconflict_or_not_installed:278 - Package: azureml-defaults, Version: 1.19.0 found.
2020-12-31 07:13:55.241 - INFO - 5895 - azureml.automl.core.package_utilities._has_versionconflict_or_not_installed:278 - Package: azureml-telemetry, Version: 1.19.0 found.
2020-12-31 07:13:55.241 - INFO - 5895 - azureml.automl.core.package_utilities._has_versionconflict_or_not_installed:278 - Package: azureml-dataset-runtime, Version: 1.19.0 found.
2020-12-31 07:13:55.241 - INFO - 5895 - azureml.automl.core.package_utilities._has_versionconflict_or_not_installed:278 - Package: keras2onnx, Version: 1.6.0 found.
2020-12-31 07:13:55.241 - INFO - 5895 - azureml.automl.core.package_utilities._has_versionconflict_or_not_installed:278 - Package: skl2onnx, Version: 1.4.9 found.
2020-12-31 07:13:55.241 - INFO - 5895 - azureml.automl.core.package_utilities._has_versionconflict_or_not_installed:278 - Package: numpy, Version: 1.18.5 found.
2020-12-31 07:13:55.242 - INFO - 5895 - azureml.automl.core.package_utilities._has_versionconflict_or_not_installed:278 - Package: azure-storage-queue, Version: 12.1.4 found.
2020-12-31 07:13:55.250 - INFO - 5895 - azureml.automl.core.package_utilities._has_versionconflict_or_not_installed:278 - Package: scipy, Version: 1.5.2 found.
2020-12-31 07:13:55.250 - INFO - 5895 - azureml.automl.core.package_utilities._has_versionconflict_or_not_installed:278 - Package: scikit-learn, Version: 0.22.2.post1 found.
2020-12-31 07:13:55.250 - INFO - 5895 - azureml.automl.core.package_utilities._has_versionconflict_or_not_installed:278 - Package: azureml-automl-core, Version: 1.19.0 found.
2020-12-31 07:13:55.250 - INFO - 5895 - azureml.automl.core.package_utilities._has_versionconflict_or_not_installed:278 - Package: interpret-community, Version: 0.15.4 found.
2020-12-31 07:13:55.251 - INFO - 5895 - azureml.automl.core.package_utilities._has_versionconflict_or_not_installed:278 - Package: azureml-pipeline-core, Version: 1.19.0 found.
2020-12-31 07:13:55.251 - INFO - 5895 - azureml.automl.core.package_utilities._has_versionconflict_or_not_installed:278 - Package: azureml-train-core, Version: 1.19.0 found.
2020-12-31 07:13:55.251 - INFO - 5895 - azureml.automl.core.package_utilities._has_versionconflict_or_not_installed:278 - Package: azureml-train-automl-client, Version: 1.19.0 found.
2020-12-31 07:13:55.251 - INFO - 5895 - azureml.automl.core.package_utilities._has_versionconflict_or_not_installed:278 - Package: azureml-core, Version: 1.19.0 found.
2020-12-31 07:13:55.251 - INFO - 5895 - azureml.automl.core.package_utilities._has_versionconflict_or_not_installed:278 - Package: msrest, Version: 0.6.19 found.
2020-12-31 07:13:55.251 - INFO - 5895 - azureml.automl.core.package_utilities._has_versionconflict_or_not_installed:278 - Package: requests, Version: 2.25.0 found.
2020-12-31 07:13:55.252 - INFO - 5895 - azureml.automl.core.package_utilities._has_versionconflict_or_not_installed:278 - Package: msrestazure, Version: 0.6.4 found.
2020-12-31 07:13:55.252 - INFO - 5895 - azureml.automl.core.package_utilities._has_versionconflict_or_not_installed:278 - Package: applicationinsights, Version: 0.11.9 found.
2020-12-31 07:13:55.252 - INFO - 5895 - azureml.automl.core.package_utilities._has_versionconflict_or_not_installed:278 - Package: azureml-core, Version: 1.19.0 found.
2020-12-31 07:13:55.252 - INFO - 5895 - azureml.automl.core.package_utilities._has_versionconflict_or_not_installed:278 - Package: azureml-telemetry, Version: 1.19.0 found.
2020-12-31 07:13:55.252 - INFO - 5895 - azureml.automl.core.package_utilities._has_versionconflict_or_not_installed:278 - Package: ipywidgets, Version: 7.5.1 found.
2020-12-31 07:13:55.252 - INFO - 5895 - azureml.automl.core.package_utilities._has_versionconflict_or_not_installed:278 - Package: azureml-core, Version: 1.19.0 found.
2020-12-31 07:13:55.253 - INFO - 5895 - azureml.automl.core.package_utilities._has_versionconflict_or_not_installed:278 - Package: azureml-telemetry, Version: 1.19.0 found.
2020-12-31 07:13:55.253 - INFO - 5895 - azureml.automl.core.package_utilities._has_versionconflict_or_not_installed:278 - Package: azureml-dataset-runtime, Version: 1.19.0 found.
2020-12-31 07:13:55.253 - INFO - 5895 - azureml.automl.core.package_utilities._has_versionconflict_or_not_installed:278 - Package: azureml-core, Version: 1.19.0 found.
2020-12-31 07:13:55.253 - INFO - 5895 - azureml.automl.core.package_utilities._has_versionconflict_or_not_installed:278 - Package: azureml-automl-core, Version: 1.19.0 found.
2020-12-31 07:13:55.254 - CRITICAL - 5895 - azureml.automl.core.package_utilities.log_traceback:224 - Type: IncompatibleOrMissingDependency
Class: ValidationException
Message: ValidationException:
	Message: Install the required versions of packages using the requirements file. Requirements file location: /anaconda/envs/azureml_py36/lib/python3.6/site-packages/azureml/automl/core/validated_linux_requirements.txt. Alternatively, use remote target to avoid dependency management. 
Package name/Required version/Installed version
azureml-core/pyopenssl<20.0.0/pyOpenSSL 20.0.0
	InnerException: None
	ErrorResponse 
{
    "error": {
        "code": "UserError",
        "message": "Install the required versions of packages using the requirements file. Requirements file location: /anaconda/envs/azureml_py36/lib/python3.6/site-packages/azureml/automl/core/validated_linux_requirements.txt. Alternatively, use remote target to avoid dependency management. \nPackage name/Required version/Installed version\nazureml-core/pyopenssl<20.0.0/pyOpenSSL 20.0.0",
        "target": "azureml-core",
        "inner_error": {
            "code": "NotSupported",
            "inner_error": {
                "code": "IncompatibleOrMissingDependency"
            }
        },
        "reference_code": "435ab938-fd87-49bc-932e-6eec0d6aee4f"
    }
}
Traceback:
  File "telemetry_activity_logger.py", line 57, in _log_activity
    yield
  File "package_utilities.py", line 430, in _get_package_incompatibilities
    validated_requirements_file_path=VALIDATED_REQ_FILE_PATH

ExceptionTarget: azureml-core
2020-12-31 07:13:55.262 - INFO - 5895 - azureml.automl.core.package_utilities._log_activity:92 - ActivityCompleted: Activity=PackagesCheck, HowEnded=Failure, Duration=71.86[ms]
